
icetime topological timing analysis report
==========================================

Info: max_span_hack is enabled: estimate is conservative.

Report for critical path:
-------------------------

        pre_io_19_0_1 (PRE_IO) [clk] -> DIN0: 1.105 ns
     1.105 ns net_72018 (LED1$SB_IO_OUT)
        odrv_19_0_72018_75744 (Odrv12) I -> O: 1.232 ns
        t5 (Span12Mux_v12) I -> O: 1.073 ns
        t4 (Span12Mux_h12) I -> O: 1.232 ns
        t3 (Sp12to4) I -> O: 0.848 ns
        t2 (Span4Mux_v4) I -> O: 0.649 ns
        t1 (Span4Mux_v4) I -> O: 0.649 ns
        t0 (LocalMux) I -> O: 1.099 ns
        inmux_18_31_75689_75671 (IoInMux) I -> O: 0.662 ns
     8.549 ns net_75671 (LED1$SB_IO_OUT)
        pre_io_18_31_1 (PRE_IO) DOUT0 [setup]: 0.187 ns
     8.736 ns io_pad_18_31_1_din

Resolvable net names on path:
     1.105 ns ..  8.549 ns LED1$SB_IO_OUT

Total number of logic levels: 1
Total path delay: 8.74 ns (114.47 MHz)

